<?xml version="1.0" encoding="UTF-8"?>
<testsuite name="controller.NoteAPITest$PersistenceTests" tests="4" skipped="0" failures="0" errors="0" timestamp="2022-03-12T22:39:30" hostname="NIKLASFH" time="0.563">
  <properties/>
  <testcase name="saving and loading an empty collection in XML doesn't crash app()" classname="controller.NoteAPITest$PersistenceTests" time="0.477"/>
  <testcase name="saving and loading an loaded collection in JSON doesn't loose data()" classname="controller.NoteAPITest$PersistenceTests" time="0.045"/>
  <testcase name="saving and loading an loaded collection in XML doesn't loose data()" classname="controller.NoteAPITest$PersistenceTests" time="0.02"/>
  <testcase name="saving and loading an empty collection in JSON doesn't crash app()" classname="controller.NoteAPITest$PersistenceTests" time="0.017"/>
  <system-out><![CDATA[]]></system-out>
  <system-err><![CDATA[]]></system-err>
</testsuite>
