<?xml version="1.0" encoding="UTF-8"?>
<testsuite name="controller.NoteAPITest$DeleteNotes" tests="2" skipped="0" failures="0" errors="0" timestamp="2022-03-12T22:16:39" hostname="NIKLASFH" time="0.004">
  <properties/>
  <testcase name="deleting a note that exists delete and returns deleted object()" classname="controller.NoteAPITest$DeleteNotes" time="0.001"/>
  <testcase name="deleting a Note that does not exist, returns null()" classname="controller.NoteAPITest$DeleteNotes" time="0.002"/>
  <system-out><![CDATA[]]></system-out>
  <system-err><![CDATA[]]></system-err>
</testsuite>
