<?xml version="1.0" encoding="UTF-8"?>
<testsuite name="controller.NoteAPITest$ListPriorityOfNotes" tests="2" skipped="0" failures="0" errors="0" timestamp="2022-03-27T16:10:38" hostname="NIKLASFH" time="0.009">
  <properties/>
  <testcase name="listNotesBySelectedPriority returns No Notes when ArrayList is empty()" classname="controller.NoteAPITest$ListPriorityOfNotes" time="0.004"/>
  <testcase name="listNotesBySelectedPriority returns no notes when no notes of that priority exist()" classname="controller.NoteAPITest$ListPriorityOfNotes" time="0.002"/>
  <system-out><![CDATA[]]></system-out>
  <system-err><![CDATA[]]></system-err>
</testsuite>
