<?xml version="1.0" encoding="UTF-8"?>
<testsuite name="controller.NoteAPITest" tests="2" skipped="0" failures="0" errors="0" timestamp="2022-03-07T15:31:21" hostname="NIKLASFH" time="0.057">
  <properties/>
  <testcase name="adding a Note to a populated list adds to ArrayList()" classname="controller.NoteAPITest" time="0.055"/>
  <testcase name="adding a Note to an empty list adds to ArrayList()" classname="controller.NoteAPITest" time="0.001"/>
  <system-out><![CDATA[]]></system-out>
  <system-err><![CDATA[]]></system-err>
</testsuite>
