<?xml version="1.0" encoding="UTF-8"?>
<testsuite name="controller.NoteAPITest$CountingMethods" tests="4" skipped="0" failures="0" errors="0" timestamp="2022-03-26T22:42:59" hostname="NIKLASFH" time="0.019">
  <properties/>
  <testcase name="numberOfNotesCalculatedCorrectly()" classname="controller.NoteAPITest$CountingMethods" time="0.004"/>
  <testcase name="numberOfActiveNotesCalculatedCorrectly()" classname="controller.NoteAPITest$CountingMethods" time="0.002"/>
  <testcase name="numberOfNotesByPriorityCalculatedCorrectly()" classname="controller.NoteAPITest$CountingMethods" time="0.002"/>
  <testcase name="numberOfArchivedNotesCalculatedCorrectly()" classname="controller.NoteAPITest$CountingMethods" time="0.002"/>
  <system-out><![CDATA[]]></system-out>
  <system-err><![CDATA[]]></system-err>
</testsuite>
