<?xml version="1.0" encoding="UTF-8"?>
<testsuite name="controller.NoteAPITest$SearchMethods" tests="2" skipped="0" failures="0" errors="0" timestamp="2022-03-27T16:10:39" hostname="NIKLASFH" time="0.003">
  <properties/>
  <testcase name="search notes by title returns notes when notes with that title exist()" classname="controller.NoteAPITest$SearchMethods" time="0.001"/>
  <testcase name="search notes by title returns no notes when no notes with that title exist()" classname="controller.NoteAPITest$SearchMethods" time="0.001"/>
  <system-out><![CDATA[]]></system-out>
  <system-err><![CDATA[]]></system-err>
</testsuite>
