<?xml version="1.0" encoding="UTF-8"?>
<testsuite name="controller.NoteAPITest$AddNotes" tests="2" skipped="0" failures="0" errors="0" timestamp="2022-03-26T22:42:58" hostname="NIKLASFH" time="0.049">
  <properties/>
  <testcase name="adding a Note to a populated list adds to ArrayList()" classname="controller.NoteAPITest$AddNotes" time="0.047"/>
  <testcase name="adding a Note to an empty list adds to ArrayList()" classname="controller.NoteAPITest$AddNotes" time="0.001"/>
  <system-out><![CDATA[]]></system-out>
  <system-err><![CDATA[]]></system-err>
</testsuite>
