<?xml version="1.0" encoding="UTF-8"?>
<testsuite name="controller.NoteAPITest$UpdateNotes" tests="2" skipped="0" failures="0" errors="0" timestamp="2022-03-12T19:46:22" hostname="NIKLASFH" time="0.052">
  <properties/>
  <testcase name="updating a note that exists returns true and updates()" classname="controller.NoteAPITest$UpdateNotes" time="0.046"/>
  <testcase name="updating a note that does not exist returns false()" classname="controller.NoteAPITest$UpdateNotes" time="0.005"/>
  <system-out><![CDATA[]]></system-out>
  <system-err><![CDATA[]]></system-err>
</testsuite>
