<?xml version="1.0" encoding="UTF-8"?>
<testsuite name="controller.NoteAPITest$PersistenceTests" tests="2" skipped="0" failures="0" errors="0" timestamp="2022-03-12T22:26:25" hostname="NIKLASFH" time="0.591">
  <properties/>
  <testcase name="saving and loading an empty collection in XML doesn't crash app()" classname="controller.NoteAPITest$PersistenceTests" time="0.566"/>
  <testcase name="saving and loading an loaded collection in XML doesn't loose data()" classname="controller.NoteAPITest$PersistenceTests" time="0.023"/>
  <system-out><![CDATA[]]></system-out>
  <system-err><![CDATA[]]></system-err>
</testsuite>
