<?xml version="1.0" encoding="UTF-8"?>
<testsuite name="controller.NoteAPITest$ListActiveNotes" tests="2" skipped="0" failures="0" errors="0" timestamp="2022-03-07T18:40:18" hostname="NIKLASFH" time="0.005">
  <properties/>
  <testcase name="listActiveNotes returns no active notes, when there are none()" classname="controller.NoteAPITest$ListActiveNotes" time="0.003"/>
  <testcase name="listActiveNotes returns just active notes()" classname="controller.NoteAPITest$ListActiveNotes" time="0.001"/>
  <system-out><![CDATA[]]></system-out>
  <system-err><![CDATA[]]></system-err>
</testsuite>
