<?xml version="1.0" encoding="UTF-8"?>
<testsuite name="controller.NoteAPITest$PersistenceTests" tests="4" skipped="0" failures="0" errors="0" timestamp="2022-03-27T16:10:38" hostname="NIKLASFH" time="0.725">
  <properties/>
  <testcase name="saving and loading an empty collection in XML doesn't crash app()" classname="controller.NoteAPITest$PersistenceTests" time="0.619"/>
  <testcase name="saving and loading an loaded collection in JSON doesn't loose data()" classname="controller.NoteAPITest$PersistenceTests" time="0.043"/>
  <testcase name="saving and loading an loaded collection in XML doesn't loose data()" classname="controller.NoteAPITest$PersistenceTests" time="0.039"/>
  <testcase name="saving and loading an empty collection in JSON doesn't crash app()" classname="controller.NoteAPITest$PersistenceTests" time="0.018"/>
  <system-out><![CDATA[]]></system-out>
  <system-err><![CDATA[]]></system-err>
</testsuite>
