<?xml version="1.0" encoding="UTF-8"?>
<testsuite name="controller.NoteAPITest$ListArchivedNotes" tests="2" skipped="0" failures="0" errors="0" timestamp="2022-03-07T18:40:18" hostname="NIKLASFH" time="0.003">
  <properties/>
  <testcase name="listArchivedNotes returns no archived notes, when there are none()" classname="controller.NoteAPITest$ListArchivedNotes" time="0.001"/>
  <testcase name="listArchivedNotes returns just archived notes()" classname="controller.NoteAPITest$ListArchivedNotes" time="0.001"/>
  <system-out><![CDATA[]]></system-out>
  <system-err><![CDATA[]]></system-err>
</testsuite>
