<?xml version="1.0" encoding="UTF-8"?>
<testsuite name="controller.NoteAPITest$CountPrioritys" tests="1" skipped="0" failures="0" errors="0" timestamp="2022-03-07T18:40:18" hostname="NIKLASFH" time="0.001">
  <properties/>
  <testcase name="numberOfNotesByPriority returns just fitting sums of elements()" classname="controller.NoteAPITest$CountPrioritys" time="0.001"/>
  <system-out><![CDATA[]]></system-out>
  <system-err><![CDATA[]]></system-err>
</testsuite>
