<?xml version="1.0" encoding="UTF-8"?>
<testsuite name="controller.NoteAPITest$SearchingNotesByTitle" tests="4" skipped="0" failures="0" errors="0" timestamp="2022-03-27T16:10:39" hostname="NIKLASFH" time="0.016">
  <properties/>
  <testcase name="searching does just provided searched notes()" classname="controller.NoteAPITest$SearchingNotesByTitle" time="0.001"/>
  <testcase name="allNotesAreFoundThatContainProvidedTitle()" classname="controller.NoteAPITest$SearchingNotesByTitle" time="0.002"/>
  <testcase name="searching reacts on empty searches()" classname="controller.NoteAPITest$SearchingNotesByTitle" time="0.003"/>
  <testcase name="searching is case sensitive()" classname="controller.NoteAPITest$SearchingNotesByTitle" time="0.001"/>
  <system-out><![CDATA[]]></system-out>
  <system-err><![CDATA[]]></system-err>
</testsuite>
