<?xml version="1.0" encoding="UTF-8"?>
<testsuite name="controller.NoteAPITest$ListNotes" tests="2" skipped="0" failures="0" errors="0" timestamp="2022-03-07T18:40:18" hostname="NIKLASFH" time="0.013">
  <properties/>
  <testcase name="listAllNotes returns No Notes Stored message when ArrayList is empty()" classname="controller.NoteAPITest$ListNotes" time="0.01"/>
  <testcase name="listAllNotes returns Notes when ArrayList has notes stored()" classname="controller.NoteAPITest$ListNotes" time="0.002"/>
  <system-out><![CDATA[]]></system-out>
  <system-err><![CDATA[]]></system-err>
</testsuite>
