<?xml version="1.0" encoding="UTF-8"?>
<testsuite name="controller.NoteAPITest$ArchiveNotes" tests="3" skipped="0" failures="0" errors="0" timestamp="2022-03-27T12:42:16" hostname="NIKLASFH" time="0.024">
  <properties/>
  <testcase name="archiving an active note that exists returns true and archives()" classname="controller.NoteAPITest$ArchiveNotes" time="0.003"/>
  <testcase name="archiving a note that does not exist returns false()" classname="controller.NoteAPITest$ArchiveNotes" time="0.001"/>
  <testcase name="archiving an already archived note returns false()" classname="controller.NoteAPITest$ArchiveNotes" time="0.002"/>
  <system-out><![CDATA[]]></system-out>
  <system-err><![CDATA[]]></system-err>
</testsuite>
